  sample.cpp
c:\users\bradford\documents\450\assignment 6\sample.cpp(251): warning C4244: 'initializing': conversion from 'double' to 'float', possible loss of data
c:\users\bradford\documents\450\assignment 6\sample.cpp(268): warning C4244: 'initializing': conversion from 'double' to 'float', possible loss of data
c:\users\bradford\documents\450\assignment 6\sample.cpp(285): warning C4244: 'initializing': conversion from 'double' to 'float', possible loss of data
c:\users\bradford\documents\450\assignment 6\sample.cpp(362): warning C4305: 'initializing': truncation from 'double' to 'float'
c:\users\bradford\documents\450\assignment 6\sample.cpp(363): warning C4305: 'initializing': truncation from 'double' to 'float'
c:\users\bradford\documents\450\assignment 6\sample.cpp(426): warning C4305: 'argument': truncation from 'double' to 'GLfloat'
c:\users\bradford\documents\450\assignment 6\sample.cpp(440): warning C4305: 'argument': truncation from 'double' to 'GLfloat'
c:\users\bradford\documents\450\assignment 6\sample.cpp(454): warning C4305: 'argument': truncation from 'double' to 'GLfloat'
c:\users\bradford\documents\450\assignment 6\sample.cpp(468): warning C4305: 'argument': truncation from 'double' to 'GLfloat'
c:\users\bradford\documents\450\assignment 6\sample.cpp(787): warning C4305: 'argument': truncation from 'double' to 'GLfloat'
c:\users\bradford\documents\450\assignment 6\sample.cpp(903): warning C4305: 'argument': truncation from 'double' to 'GLfloat'
c:\users\bradford\documents\450\assignment 6\sample.cpp(944): warning C4305: 'argument': truncation from 'double' to 'GLfloat'
c:\users\bradford\documents\450\assignment 6\sample.cpp(964): warning C4305: 'argument': truncation from 'double' to 'GLfloat'
c:\users\bradford\documents\450\assignment 6\sample.cpp(985): warning C4305: 'argument': truncation from 'double' to 'GLfloat'
c:\users\bradford\documents\450\assignment 6\sample.cpp(1028): warning C4305: 'argument': truncation from 'double' to 'GLfloat'
c:\users\bradford\documents\450\assignment 6\sample.cpp(1049): warning C4305: 'argument': truncation from 'double' to 'GLfloat'
c:\users\bradford\documents\450\assignment 6\sample.cpp(1071): warning C4305: 'argument': truncation from 'double' to 'GLfloat'
c:\users\bradford\documents\450\assignment 6\sample.cpp(1092): warning C4305: 'argument': truncation from 'double' to 'GLfloat'
c:\users\bradford\documents\450\assignment 6\sample.cpp(1113): warning C4305: 'argument': truncation from 'double' to 'GLfloat'
c:\users\bradford\documents\450\assignment 6\sample.cpp(1745): warning C4101: 'hsv': unreferenced local variable
sample.obj : warning LNK4075: ignoring '/EDITANDCONTINUE' due to '/INCREMENTAL:NO' specification
  Sample.vcxproj -> C:\Users\Bradford\Documents\450\Assignment 6\.\Debug\Sample.exe
  Sample.vcxproj -> .\Debug/Sample.pdb (Full PDB)
